<?xml version="1.0" encoding="UTF-8"?>
<!-- Generated by org.testng.reporters.JUnitReportReporter -->
<testsuite hostname="EPINHYDW0EED" failures="0" tests="1" name="Tests.CalculatorPageTests" time="130.864" errors="0" timestamp="2022-08-01T15:23:58 IST" skipped="0">
  <testcase classname="Tests.CalculatorPageTests" name="checkInformationInVmClassString" time="130.864"/>
  <system-out/>
</testsuite> <!-- Tests.CalculatorPageTests -->
